2026-05-01 04:24:53 | WARNING | Skipping 2 unreadable/missing audio files.
2026-05-01 04:24:53 | WARNING | Skipped file: Database\F_data\F01\Session1\wav_headMic\0067.wav | reason: Error opening 'Database\\F_data\\F01\\Session1\\wav_headMic\\0067.wav': Format not recognised.
2026-05-01 04:24:53 | WARNING | Skipped file: Database\F_data\F01\Session1\wav_headMic\0068.wav | reason: Error opening 'Database\\F_data\\F01\\Session1\\wav_headMic\\0068.wav': Format not recognised.
2026-05-01 04:24:57 | INFO | Training started on device=cuda
2026-05-01 04:24:57 | INFO | Train samples=11730 | Val samples=0 | Test samples=4252
2026-05-01 04:24:57 | INFO | No validation split found. Training will save the best model by train_loss only.
2026-05-01 04:25:30 | DEBUG | Epoch 01 | Batch 20/62 | batch_loss=0.8740
2026-05-01 04:25:33 | DEBUG | Epoch 01 | Batch 40/62 | batch_loss=0.8778
2026-05-01 04:25:36 | DEBUG | Epoch 01 | Batch 60/62 | batch_loss=0.8875
2026-05-01 04:25:37 | DEBUG | Epoch 01 | Batch 62/62 | batch_loss=0.9247
2026-05-01 04:25:38 | INFO | Epoch [01/20] LR: 0.001000 | Train Loss: 0.8731 | Train Acc: 0.5651
2026-05-01 04:25:38 | INFO | Saved new best model at epoch 1
2026-05-01 04:26:08 | DEBUG | Epoch 02 | Batch 20/62 | batch_loss=0.8257
2026-05-01 04:26:11 | DEBUG | Epoch 02 | Batch 40/62 | batch_loss=0.7479
2026-05-01 04:26:14 | DEBUG | Epoch 02 | Batch 60/62 | batch_loss=0.6601
2026-05-01 04:26:14 | DEBUG | Epoch 02 | Batch 62/62 | batch_loss=0.7029
2026-05-01 04:26:15 | INFO | Epoch [02/20] LR: 0.001000 | Train Loss: 0.7916 | Train Acc: 0.6702
2026-05-01 04:26:15 | INFO | Saved new best model at epoch 2
2026-05-01 04:26:44 | DEBUG | Epoch 03 | Batch 20/62 | batch_loss=0.7396
2026-05-01 04:26:47 | DEBUG | Epoch 03 | Batch 40/62 | batch_loss=0.7400
2026-05-01 04:26:50 | DEBUG | Epoch 03 | Batch 60/62 | batch_loss=0.7197
2026-05-01 04:26:50 | DEBUG | Epoch 03 | Batch 62/62 | batch_loss=0.7354
2026-05-01 04:26:51 | INFO | Epoch [03/20] LR: 0.001000 | Train Loss: 0.7214 | Train Acc: 0.7311
2026-05-01 04:26:51 | INFO | Saved new best model at epoch 3
2026-05-01 04:27:22 | DEBUG | Epoch 04 | Batch 20/62 | batch_loss=0.6675
2026-05-01 04:27:25 | DEBUG | Epoch 04 | Batch 40/62 | batch_loss=0.6135
2026-05-01 04:27:28 | DEBUG | Epoch 04 | Batch 60/62 | batch_loss=0.6232
2026-05-01 04:27:28 | DEBUG | Epoch 04 | Batch 62/62 | batch_loss=0.9133
2026-05-01 04:27:30 | INFO | Epoch [04/20] LR: 0.001000 | Train Loss: 0.6757 | Train Acc: 0.7582
2026-05-01 04:27:30 | INFO | Saved new best model at epoch 4
2026-05-01 04:28:01 | DEBUG | Epoch 05 | Batch 20/62 | batch_loss=0.6223
2026-05-01 04:28:04 | DEBUG | Epoch 05 | Batch 40/62 | batch_loss=0.6053
2026-05-01 04:28:07 | DEBUG | Epoch 05 | Batch 60/62 | batch_loss=0.5610
2026-05-01 04:28:07 | DEBUG | Epoch 05 | Batch 62/62 | batch_loss=0.5289
2026-05-01 04:28:08 | INFO | Epoch [05/20] LR: 0.001000 | Train Loss: 0.6161 | Train Acc: 0.7915
2026-05-01 04:28:09 | INFO | Saved new best model at epoch 5
2026-05-01 04:28:38 | DEBUG | Epoch 06 | Batch 20/62 | batch_loss=0.6858
2026-05-01 04:28:41 | DEBUG | Epoch 06 | Batch 40/62 | batch_loss=0.5907
2026-05-01 04:28:44 | DEBUG | Epoch 06 | Batch 60/62 | batch_loss=0.4953
2026-05-01 04:28:45 | DEBUG | Epoch 06 | Batch 62/62 | batch_loss=0.7778
2026-05-01 04:28:46 | INFO | Epoch [06/20] LR: 0.001000 | Train Loss: 0.5658 | Train Acc: 0.8123
2026-05-01 04:28:46 | INFO | Saved new best model at epoch 6
2026-05-01 04:29:15 | DEBUG | Epoch 07 | Batch 20/62 | batch_loss=0.4838
2026-05-01 04:29:18 | DEBUG | Epoch 07 | Batch 40/62 | batch_loss=0.4900
2026-05-01 04:29:21 | DEBUG | Epoch 07 | Batch 60/62 | batch_loss=0.4921
2026-05-01 04:29:21 | DEBUG | Epoch 07 | Batch 62/62 | batch_loss=0.4623
2026-05-01 04:29:22 | INFO | Epoch [07/20] LR: 0.001000 | Train Loss: 0.4861 | Train Acc: 0.8425
2026-05-01 04:29:22 | INFO | Saved new best model at epoch 7
2026-05-01 04:29:52 | DEBUG | Epoch 08 | Batch 20/62 | batch_loss=0.4996
2026-05-01 04:29:55 | DEBUG | Epoch 08 | Batch 40/62 | batch_loss=0.3714
2026-05-01 04:29:58 | DEBUG | Epoch 08 | Batch 60/62 | batch_loss=0.3771
2026-05-01 04:29:59 | DEBUG | Epoch 08 | Batch 62/62 | batch_loss=0.4327
2026-05-01 04:30:00 | INFO | Epoch [08/20] LR: 0.001000 | Train Loss: 0.4250 | Train Acc: 0.8673
2026-05-01 04:30:00 | INFO | Saved new best model at epoch 8
2026-05-01 04:30:29 | DEBUG | Epoch 09 | Batch 20/62 | batch_loss=0.3470
2026-05-01 04:30:32 | DEBUG | Epoch 09 | Batch 40/62 | batch_loss=0.4074
2026-05-01 04:30:35 | DEBUG | Epoch 09 | Batch 60/62 | batch_loss=0.3396
2026-05-01 04:30:35 | DEBUG | Epoch 09 | Batch 62/62 | batch_loss=0.4457
2026-05-01 04:30:36 | INFO | Epoch [09/20] LR: 0.001000 | Train Loss: 0.3600 | Train Acc: 0.8850
2026-05-01 04:30:36 | INFO | Saved new best model at epoch 9
2026-05-01 04:31:03 | DEBUG | Epoch 10 | Batch 20/62 | batch_loss=0.7033
2026-05-01 04:31:06 | DEBUG | Epoch 10 | Batch 40/62 | batch_loss=0.2160
2026-05-01 04:31:09 | DEBUG | Epoch 10 | Batch 60/62 | batch_loss=0.1986
2026-05-01 04:31:10 | DEBUG | Epoch 10 | Batch 62/62 | batch_loss=0.6185
2026-05-01 04:31:10 | INFO | Epoch [10/20] LR: 0.001000 | Train Loss: 0.3256 | Train Acc: 0.9011
2026-05-01 04:31:10 | INFO | Saved new best model at epoch 10
2026-05-01 04:31:40 | DEBUG | Epoch 11 | Batch 20/62 | batch_loss=0.2113
2026-05-01 04:31:43 | DEBUG | Epoch 11 | Batch 40/62 | batch_loss=0.3627
2026-05-01 04:31:46 | DEBUG | Epoch 11 | Batch 60/62 | batch_loss=0.2319
2026-05-01 04:31:46 | DEBUG | Epoch 11 | Batch 62/62 | batch_loss=0.4620
2026-05-01 04:31:47 | INFO | Epoch [11/20] LR: 0.001000 | Train Loss: 0.3258 | Train Acc: 0.8997
2026-05-01 04:32:17 | DEBUG | Epoch 12 | Batch 20/62 | batch_loss=0.2511
2026-05-01 04:32:20 | DEBUG | Epoch 12 | Batch 40/62 | batch_loss=0.3163
2026-05-01 04:32:23 | DEBUG | Epoch 12 | Batch 60/62 | batch_loss=0.3648
2026-05-01 04:32:23 | DEBUG | Epoch 12 | Batch 62/62 | batch_loss=0.3491
2026-05-01 04:32:24 | INFO | Epoch [12/20] LR: 0.001000 | Train Loss: 0.3021 | Train Acc: 0.9086
2026-05-01 04:32:24 | INFO | Saved new best model at epoch 12
2026-05-01 04:32:54 | DEBUG | Epoch 13 | Batch 20/62 | batch_loss=0.1618
2026-05-01 04:32:58 | DEBUG | Epoch 13 | Batch 40/62 | batch_loss=0.3319
2026-05-01 04:33:01 | DEBUG | Epoch 13 | Batch 60/62 | batch_loss=0.2113
2026-05-01 04:33:01 | DEBUG | Epoch 13 | Batch 62/62 | batch_loss=0.2853
2026-05-01 04:33:02 | INFO | Epoch [13/20] LR: 0.001000 | Train Loss: 0.2443 | Train Acc: 0.9263
2026-05-01 04:33:02 | INFO | Saved new best model at epoch 13
2026-05-01 04:33:33 | DEBUG | Epoch 14 | Batch 20/62 | batch_loss=0.1671
2026-05-01 04:33:36 | DEBUG | Epoch 14 | Batch 40/62 | batch_loss=0.3318
2026-05-01 04:33:39 | DEBUG | Epoch 14 | Batch 60/62 | batch_loss=0.1582
2026-05-01 04:33:39 | DEBUG | Epoch 14 | Batch 62/62 | batch_loss=0.1693
2026-05-01 04:33:40 | INFO | Epoch [14/20] LR: 0.001000 | Train Loss: 0.2538 | Train Acc: 0.9264
2026-05-01 04:34:08 | DEBUG | Epoch 15 | Batch 20/62 | batch_loss=0.2409
2026-05-01 04:34:11 | DEBUG | Epoch 15 | Batch 40/62 | batch_loss=0.4347
2026-05-01 04:34:14 | DEBUG | Epoch 15 | Batch 60/62 | batch_loss=0.2705
2026-05-01 04:34:15 | DEBUG | Epoch 15 | Batch 62/62 | batch_loss=0.0661
2026-05-01 04:34:15 | INFO | Epoch [15/20] LR: 0.001000 | Train Loss: 0.2536 | Train Acc: 0.9189
2026-05-01 04:34:44 | DEBUG | Epoch 16 | Batch 20/62 | batch_loss=0.1419
2026-05-01 04:34:47 | DEBUG | Epoch 16 | Batch 40/62 | batch_loss=0.1455
2026-05-01 04:34:50 | DEBUG | Epoch 16 | Batch 60/62 | batch_loss=0.6266
2026-05-01 04:34:50 | DEBUG | Epoch 16 | Batch 62/62 | batch_loss=0.4790
2026-05-01 04:34:51 | INFO | Epoch [16/20] LR: 0.001000 | Train Loss: 0.2327 | Train Acc: 0.9322
2026-05-01 04:34:51 | INFO | Saved new best model at epoch 16
2026-05-01 04:35:20 | DEBUG | Epoch 17 | Batch 20/62 | batch_loss=0.2580
2026-05-01 04:35:23 | DEBUG | Epoch 17 | Batch 40/62 | batch_loss=0.2091
2026-05-01 04:35:26 | DEBUG | Epoch 17 | Batch 60/62 | batch_loss=0.2875
2026-05-01 04:35:26 | DEBUG | Epoch 17 | Batch 62/62 | batch_loss=0.6866
2026-05-01 04:35:27 | INFO | Epoch [17/20] LR: 0.001000 | Train Loss: 0.2074 | Train Acc: 0.9395
2026-05-01 04:35:27 | INFO | Saved new best model at epoch 17
2026-05-01 04:35:55 | DEBUG | Epoch 18 | Batch 20/62 | batch_loss=0.2435
2026-05-01 04:35:58 | DEBUG | Epoch 18 | Batch 40/62 | batch_loss=0.1484
2026-05-01 04:36:01 | DEBUG | Epoch 18 | Batch 60/62 | batch_loss=0.1775
2026-05-01 04:36:01 | DEBUG | Epoch 18 | Batch 62/62 | batch_loss=0.3013
2026-05-01 04:36:02 | INFO | Epoch [18/20] LR: 0.001000 | Train Loss: 0.2192 | Train Acc: 0.9353
2026-05-01 04:36:30 | DEBUG | Epoch 19 | Batch 20/62 | batch_loss=0.3453
2026-05-01 04:36:33 | DEBUG | Epoch 19 | Batch 40/62 | batch_loss=0.1152
2026-05-01 04:36:36 | DEBUG | Epoch 19 | Batch 60/62 | batch_loss=0.2172
2026-05-01 04:36:36 | DEBUG | Epoch 19 | Batch 62/62 | batch_loss=0.1852
2026-05-01 04:36:37 | INFO | Epoch [19/20] LR: 0.001000 | Train Loss: 0.1932 | Train Acc: 0.9435
2026-05-01 04:36:37 | INFO | Saved new best model at epoch 19
2026-05-01 04:37:05 | DEBUG | Epoch 20 | Batch 20/62 | batch_loss=0.0716
2026-05-01 04:37:08 | DEBUG | Epoch 20 | Batch 40/62 | batch_loss=0.1476
2026-05-01 04:37:11 | DEBUG | Epoch 20 | Batch 60/62 | batch_loss=0.1640
2026-05-01 04:37:11 | DEBUG | Epoch 20 | Batch 62/62 | batch_loss=0.1975
2026-05-01 04:37:12 | INFO | Epoch [20/20] LR: 0.001000 | Train Loss: 0.1949 | Train Acc: 0.9431
2026-05-01 04:37:12 | INFO | Best model found at epoch 19 with train_loss=0.1932
2026-05-01 04:37:40 | INFO | Test Metrics - Combined metrics: {'accuracy': 0.7446, 'balanced_accuracy': 0.7111, 'precision': 0.5884, 'recall': 0.621, 'f1': 0.6042, 'macro_f1': 0.7078, 'roc_auc': 0.7712}
2026-05-01 04:37:40 | INFO | Test Metrics - Combined classification report:
                precision    recall  f1-score   support

   Healthy (0)     0.8220    0.8012    0.8115      2917
Dysarthric (1)     0.5884    0.6210    0.6042      1335

      accuracy                         0.7446      4252
     macro avg     0.7052    0.7111    0.7078      4252
  weighted avg     0.7487    0.7446    0.7464      4252

2026-05-01 04:38:09 | INFO | Test Metrics - HeadMic metrics: {'accuracy': 0.7883, 'balanced_accuracy': 0.7839, 'precision': 0.634, 'recall': 0.772, 'f1': 0.6962, 'macro_f1': 0.7669, 'roc_auc': 0.87}
2026-05-01 04:38:09 | INFO | Test Metrics - HeadMic classification report:
                precision    recall  f1-score   support

   Healthy (0)     0.8839    0.7958    0.8375      1464
Dysarthric (1)     0.6340    0.7720    0.6962       671

      accuracy                         0.7883      2135
     macro avg     0.7590    0.7839    0.7669      2135
  weighted avg     0.8054    0.7883    0.7931      2135

2026-05-01 04:38:37 | INFO | Test Metrics - ArrayMic metrics: {'accuracy': 0.7005, 'balanced_accuracy': 0.6375, 'precision': 0.5253, 'recall': 0.4684, 'f1': 0.4952, 'macro_f1': 0.6412, 'roc_auc': 0.6645}
2026-05-01 04:38:37 | INFO | Test Metrics - ArrayMic classification report:
                precision    recall  f1-score   support

   Healthy (0)     0.7685    0.8066    0.7871      1453
Dysarthric (1)     0.5253    0.4684    0.4952       664

      accuracy                         0.7005      2117
     macro avg     0.6469    0.6375    0.6412      2117
  weighted avg     0.6922    0.7005    0.6956      2117

2026-05-01 04:38:38 | INFO | Saved artifacts: outputs\best_model.pth, outputs\training_curves.png, outputs\confusion_matrix.png, outputs\train.log
